<?xml version="1.0" encoding="UTF-8"?>
<!-- Generated by org.testng.reporters.JUnitReportReporter -->
<testsuite skipped="0" hostname="DESKTOP-ND5IR8R" name="org.sample.Sample" tests="3" failures="0" timestamp="04 Aug 2021 05:14:26 GMT" time="0.021" errors="0">
  <testcase name="m" time="0.012" classname="org.sample.Sample"/>
  <testcase name="m3" time="0.004" classname="org.sample.Sample"/>
  <testcase name="m1" time="0.005" classname="org.sample.Sample"/>
</testsuite> <!-- org.sample.Sample -->
